# JRE version: OpenJDK Runtime Environment (21.0.5) (build 21.0.5+-13047016-b750.29)
# Java VM: OpenJDK 64-Bit Server VM (21.0.5+-13047016-b750.29, mixed mode, tiered, compressed oops, compressed class ptrs, g1 gc, windows-amd64)
GC Precious Log:
 CardTable entry size: 512
 Card Set container configuration: InlinePtr #cards 5 size 8 Array Of Cards #cards 12 size 40 Howl #buckets 4 coarsen threshold 1843 Howl Bitmap #cards 512 size 80 coarsen threshold 460 Card regions per heap region 1 cards per card region 2048
 CPUs: 16 total, 16 available
 Memory: 15557M
 Large Page Support: Disabled
 NUMA Support: Disabled
 Compressed Oops: Enabled (32-bit)
 Heap Region Size: 1M
 Heap Min Capacity: 8M
 Heap Initial Capacity: 244M
 Heap Max Capacity: 2G
 Pre-touch: Disabled
 Parallel Workers: 13
 Concurrent Workers: 3
 Concurrent Refinement Workers: 13
 Periodic GC: Disabled
Heap:
 garbage-first heap   total 307200K, used 179145K [0x0000000080000000, 0x0000000100000000)
  region size 1024K, 7 young (7168K), 7 survivors (7168K)
 Metaspace       used 172987K, committed 174656K, reserved 1245184K
  class space    used 21832K, committed 22848K, reserved 1048576K
GC Heap History (20 events):
Event: 9323.122 GC heap after
{Heap after GC invocations=67 (full 1):
 garbage-first heap   total 295936K, used 140836K [0x0000000080000000, 0x0000000100000000)
  region size 1024K, 14 young (14336K), 14 survivors (14336K)
 Metaspace       used 164302K, committed 166784K, reserved 1245184K
  class space    used 21578K, committed 22848K, reserved 1048576K
}
Event: 9326.460 GC heap before
{Heap before GC invocations=68 (full 1):
 garbage-first heap   total 295936K, used 269860K [0x0000000080000000, 0x0000000100000000)
  region size 1024K, 132 young (135168K), 14 survivors (14336K)
 Metaspace       used 165471K, committed 167616K, reserved 1245184K
  class space    used 21282K, committed 22784K, reserved 1048576K
}
Event: 9326.476 GC heap after
{Heap after GC invocations=69 (full 1):
 garbage-first heap   total 295936K, used 145222K [0x0000000080000000, 0x0000000100000000)
  region size 1024K, 7 young (7168K), 7 survivors (7168K)
 Metaspace       used 165471K, committed 167616K, reserved 1245184K
  class space    used 21282K, committed 22784K, reserved 1048576K
}
Event: 9347.087 GC heap before
{Heap before GC invocations=69 (full 1):
 garbage-first heap   total 295936K, used 281414K [0x0000000080000000, 0x0000000100000000)
  region size 1024K, 127 young (130048K), 7 survivors (7168K)
 Metaspace       used 166712K, committed 168768K, reserved 1245184K
  class space    used 21391K, committed 22784K, reserved 1048576K
}
Event: 9347.096 GC heap after
{Heap after GC invocations=70 (full 1):
 garbage-first heap   total 307200K, used 157173K [0x0000000080000000, 0x0000000100000000)
  region size 1024K, 16 young (16384K), 16 survivors (16384K)
 Metaspace       used 166712K, committed 168768K, reserved 1245184K
  class space    used 21391K, committed 22784K, reserved 1048576K
}
Event: 9347.268 GC heap before
{Heap before GC invocations=70 (full 1):
 garbage-first heap   total 307200K, used 164341K [0x0000000080000000, 0x0000000100000000)
  region size 1024K, 24 young (24576K), 16 survivors (16384K)
 Metaspace       used 166712K, committed 168768K, reserved 1245184K
  class space    used 21391K, committed 22784K, reserved 1048576K
}
Event: 9347.280 GC heap after
{Heap after GC invocations=71 (full 1):
 garbage-first heap   total 307200K, used 159981K [0x0000000080000000, 0x0000000100000000)
  region size 1024K, 3 young (3072K), 3 survivors (3072K)
 Metaspace       used 166712K, committed 168768K, reserved 1245184K
  class space    used 21391K, committed 22784K, reserved 1048576K
}
Event: 9363.146 GC heap before
{Heap before GC invocations=72 (full 1):
 garbage-first heap   total 307200K, used 285933K [0x0000000080000000, 0x0000000100000000)
  region size 1024K, 122 young (124928K), 3 survivors (3072K)
 Metaspace       used 170403K, committed 172160K, reserved 1245184K
  class space    used 21698K, committed 22784K, reserved 1048576K
}
Event: 9363.151 GC heap after
{Heap after GC invocations=73 (full 1):
 garbage-first heap   total 307200K, used 172351K [0x0000000080000000, 0x0000000100000000)
  region size 1024K, 12 young (12288K), 12 survivors (12288K)
 Metaspace       used 170403K, committed 172160K, reserved 1245184K
  class space    used 21698K, committed 22784K, reserved 1048576K
}
Event: 9363.407 GC heap before
{Heap before GC invocations=73 (full 1):
 garbage-first heap   total 307200K, used 275775K [0x0000000080000000, 0x0000000100000000)
  region size 1024K, 114 young (116736K), 12 survivors (12288K)
 Metaspace       used 171898K, committed 173632K, reserved 1245184K
  class space    used 21788K, committed 22784K, reserved 1048576K
}
Event: 9363.419 GC heap after
{Heap after GC invocations=74 (full 1):
 garbage-first heap   total 307200K, used 180543K [0x0000000080000000, 0x0000000100000000)
  region size 1024K, 12 young (12288K), 12 survivors (12288K)
 Metaspace       used 171898K, committed 173632K, reserved 1245184K
  class space    used 21788K, committed 22784K, reserved 1048576K
}
Event: 9363.579 GC heap before
{Heap before GC invocations=74 (full 1):
 garbage-first heap   total 307200K, used 275775K [0x0000000080000000, 0x0000000100000000)
  region size 1024K, 106 young (108544K), 12 survivors (12288K)
 Metaspace       used 172341K, committed 174016K, reserved 1245184K
  class space    used 21808K, committed 22784K, reserved 1048576K
}
Event: 9363.586 GC heap after
{Heap after GC invocations=75 (full 1):
 garbage-first heap   total 307200K, used 182564K [0x0000000080000000, 0x0000000100000000)
  region size 1024K, 4 young (4096K), 4 survivors (4096K)
 Metaspace       used 172341K, committed 174016K, reserved 1245184K
  class space    used 21808K, committed 22784K, reserved 1048576K
}
Event: 9363.800 GC heap before
{Heap before GC invocations=75 (full 1):
 garbage-first heap   total 307200K, used 282916K [0x0000000080000000, 0x0000000100000000)
  region size 1024K, 103 young (105472K), 4 survivors (4096K)
 Metaspace       used 172467K, committed 174144K, reserved 1245184K
  class space    used 21812K, committed 22784K, reserved 1048576K
}
Event: 9363.803 GC heap after
{Heap after GC invocations=76 (full 1):
 garbage-first heap   total 307200K, used 181049K [0x0000000080000000, 0x0000000100000000)
  region size 1024K, 3 young (3072K), 3 survivors (3072K)
 Metaspace       used 172467K, committed 174144K, reserved 1245184K
  class space    used 21812K, committed 22784K, reserved 1048576K
}
Event: 9363.948 GC heap before
{Heap before GC invocations=77 (full 1):
 garbage-first heap   total 307200K, used 285497K [0x0000000080000000, 0x0000000100000000)
  region size 1024K, 106 young (108544K), 3 survivors (3072K)
 Metaspace       used 172646K, committed 174272K, reserved 1245184K
  class space    used 21825K, committed 22784K, reserved 1048576K
}
Event: 9363.952 GC heap after
{Heap after GC invocations=78 (full 1):
 garbage-first heap   total 307200K, used 181865K [0x0000000080000000, 0x0000000100000000)
  region size 1024K, 4 young (4096K), 4 survivors (4096K)
 Metaspace       used 172646K, committed 174272K, reserved 1245184K
  class space    used 21825K, committed 22784K, reserved 1048576K
}
Event: 9364.081 GC heap before
{Heap before GC invocations=78 (full 1):
 garbage-first heap   total 307200K, used 284265K [0x0000000080000000, 0x0000000100000000)
  region size 1024K, 105 young (107520K), 4 survivors (4096K)
 Metaspace       used 172818K, committed 174464K, reserved 1245184K
  class space    used 21826K, committed 22784K, reserved 1048576K
}
Event: 9364.087 GC heap after
{Heap after GC invocations=79 (full 1):
 garbage-first heap   total 307200K, used 178818K [0x0000000080000000, 0x0000000100000000)
  region size 1024K, 6 young (6144K), 6 survivors (6144K)
 Metaspace       used 172818K, committed 174464K, reserved 1245184K
  class space    used 21826K, committed 22784K, reserved 1048576K
}
Event: 9364.230 GC heap before
{Heap before GC invocations=79 (full 1):
 garbage-first heap   total 307200K, used 282242K [0x0000000080000000, 0x0000000100000000)
  region size 1024K, 108 young (110592K), 6 survivors (6144K)
 Metaspace       used 172987K, committed 174656K, reserved 1245184K
  class space    used 21832K, committed 22848K, reserved 1048576K
}

